Success (17):
datatype 6264 {urn:com:appian:types:LMS}LMS_Leave "{urn:com:appian:types:LMS}LMS_Leave"
dataStore 98556 _a-0000e481-6786-8000-9bc1-011c48011c48_1318258 "LMS Data Store"
group 947 _e-0000e481-6786-8000-9b0d-01075c01075c_4296 "LMS Administrators"
group 948 _e-0000e481-6786-8000-9b0d-01075c01075c_4298 "LMS All Users"
content 98547 _a-0000e481-6786-8000-9bc1-011c48011c48_1318199 "LMS Rules and Constants"
content 98548 _a-0000e481-6786-8000-9bc1-011c48011c48_1318209 "LMS Interfaces"
content 98567 _a-0000e481-6786-8000-9bc1-011c48011c48_1318218 "LMS_f_applyForLeave"
content 98552 _a-0000e481-6786-8000-9bc1-011c48011c48_1318241 "LMS Constants"
content 98559 _a-0000e481-6786-8000-9bc1-011c48011c48_1318283 "LMS_DSE_LEAVE"
content 98553 _a-0000e481-6786-8000-9bc1-011c48011c48_1318246 "LMS_PM_APPLY_FOR_LEAVE"
content 98557 _a-0000e481-6786-8000-9bc1-011c48011c48_1318232 "LMS_siteHomePage"
processModelFolder 121 _g-0000e481-6786-8000-07c4-7f0000014e7a_519 "LMS Process Models"
processModel 4506 0002e499-9194-8000-07d7-7f0000014e7a "LMS Apply for Leave"
application 97696 _a-0000e3af-03c7-8000-9ba2-011c48011c48_1094896 "AB_LMS"
recordType 93 16bae4e0-b8f2-46b2-ade2-d6d31e04edc5 "LMS Leave"
tempoReport 120 dc1bf264-9be4-4a89-9fe5-8832a2c1a365 "LMS_SiteHomeReport"
site 61 066f0832-ab4d-45d5-94d1-386e0f2ac92c "LMS_site"

Referenced precedents that were not exported (1):
user ajinkya ajinkya

Trace:
2020-06-14 14:09:59.598 DEBUG application 97696 _a-0000e3af-03c7-8000-9ba2-011c48011c48_1094896 Begin transport.
2020-06-14 14:09:59.598 DEBUG application 97696 _a-0000e3af-03c7-8000-9ba2-011c48011c48_1094896 Retrieving object data.
2020-06-14 14:09:59.603 DEBUG application 97696 _a-0000e3af-03c7-8000-9ba2-011c48011c48_1094896 App associated objects: [datatype=[{urn:com:appian:types:LMS}LMS_Leave],dataStore=[_a-0000e481-6786-8000-9bc1-011c48011c48_1318258],group=[_e-0000e481-6786-8000-9b0d-01075c01075c_4296, _e-0000e481-6786-8000-9b0d-01075c01075c_4298],content=[_a-0000e481-6786-8000-9bc1-011c48011c48_1318199, _a-0000e481-6786-8000-9bc1-011c48011c48_1318209, _a-0000e481-6786-8000-9bc1-011c48011c48_1318218, _a-0000e481-6786-8000-9bc1-011c48011c48_1318232, _a-0000e481-6786-8000-9bc1-011c48011c48_1318241, _a-0000e481-6786-8000-9bc1-011c48011c48_1318246, _a-0000e481-6786-8000-9bc1-011c48011c48_1318283],processModelFolder=[_g-0000e481-6786-8000-07c4-7f0000014e7a_519],processModel=[0002e499-9194-8000-07d7-7f0000014e7a],recordType=[16bae4e0-b8f2-46b2-ade2-d6d31e04edc5],tempoReport=[dc1bf264-9be4-4a89-9fe5-8832a2c1a365],site=[066f0832-ab4d-45d5-94d1-386e0f2ac92c]]
2020-06-14 14:09:59.616 DEBUG application 97696 _a-0000e3af-03c7-8000-9ba2-011c48011c48_1094896 Invalid associated objects: []
2020-06-14 14:09:59.616 DEBUG application 97696 _a-0000e3af-03c7-8000-9ba2-011c48011c48_1094896 Adding valid associated objects to be exported: GlobalBindingMap[datatype={{urn:com:appian:types:LMS}LMS_Leave=6264},dataStore={_a-0000e481-6786-8000-9bc1-011c48011c48_1318258=98556},group={_e-0000e481-6786-8000-9b0d-01075c01075c_4296=947, _e-0000e481-6786-8000-9b0d-01075c01075c_4298=948},content={_a-0000e481-6786-8000-9bc1-011c48011c48_1318199=98547, _a-0000e481-6786-8000-9bc1-011c48011c48_1318209=98548, _a-0000e481-6786-8000-9bc1-011c48011c48_1318218=98567, _a-0000e481-6786-8000-9bc1-011c48011c48_1318232=98557, _a-0000e481-6786-8000-9bc1-011c48011c48_1318241=98552, _a-0000e481-6786-8000-9bc1-011c48011c48_1318246=98553, _a-0000e481-6786-8000-9bc1-011c48011c48_1318283=98559},processModelFolder={_g-0000e481-6786-8000-07c4-7f0000014e7a_519=121},processModel={0002e499-9194-8000-07d7-7f0000014e7a=4506},recordType={16bae4e0-b8f2-46b2-ade2-d6d31e04edc5=93},tempoReport={dc1bf264-9be4-4a89-9fe5-8832a2c1a365=120},site={066f0832-ab4d-45d5-94d1-386e0f2ac92c=61}]
2020-06-14 14:09:59.616 DEBUG application 97696 _a-0000e3af-03c7-8000-9ba2-011c48011c48_1094896 Setting uuids of object references.
2020-06-14 14:09:59.618 DEBUG application 97696 _a-0000e3af-03c7-8000-9ba2-011c48011c48_1094896 Processing reference: Application.forum
2020-06-14 14:09:59.618 DEBUG application 97696 _a-0000e3af-03c7-8000-9ba2-011c48011c48_1094896 Processing reference: Application.parent
2020-06-14 14:09:59.622 DEBUG application 97696 _a-0000e3af-03c7-8000-9ba2-011c48011c48_1094896 Processing reference: com.appiancorp.suiteapi.content.ContentRoleMap@55e6531a[
  ContentRole[name=readers,inherit=false,allowForAll=false]
  ContentRole[name=authors,inherit=false,allowForAll=false]
  ContentRole[name=administrators,usernames=[ajinkya],inherit=false,allowForAll=false]
  ContentRole[name=denyReaders,inherit=false,allowForAll=false]
  ContentRole[name=denyAuthors,inherit=false,allowForAll=false]
  ContentRole[name=denyAdministrators,inherit=false,allowForAll=false]
  securityVector=129:SEC_PUBLIC=true,SEC_CREATOR_ADMIN=true,SEC_INH_ADMIN=false,SEC_INH_EDITOR=false,SEC_INH_VIEWER=false,SEC_ALL_ADMIN=false,SEC_ALL_EDITOR=false,SEC_ALL_VIEWER=false
]
2020-06-14 14:09:59.622 DEBUG application 97696 _a-0000e3af-03c7-8000-9ba2-011c48011c48_1094896 Processing reference: ContentRole[name=readers,inherit=false,allowForAll=false]
2020-06-14 14:09:59.622 DEBUG application 97696 _a-0000e3af-03c7-8000-9ba2-011c48011c48_1094896 Processing reference: ContentRole[name=authors,inherit=false,allowForAll=false]
2020-06-14 14:09:59.622 DEBUG application 97696 _a-0000e3af-03c7-8000-9ba2-011c48011c48_1094896 Processing reference: ContentRole[name=administrators,usernames=[ajinkya],inherit=false,allowForAll=false]
2020-06-14 14:09:59.623 DEBUG application 97696 _a-0000e3af-03c7-8000-9ba2-011c48011c48_1094896 Processing reference: ContentRole[name=denyReaders,inherit=false,allowForAll=false]
2020-06-14 14:09:59.623 DEBUG application 97696 _a-0000e3af-03c7-8000-9ba2-011c48011c48_1094896 Processing reference: ContentRole[name=denyAuthors,inherit=false,allowForAll=false]
2020-06-14 14:09:59.623 DEBUG application 97696 _a-0000e3af-03c7-8000-9ba2-011c48011c48_1094896 Processing reference: ContentRole[name=denyAdministrators,inherit=false,allowForAll=false]
2020-06-14 14:09:59.623 DEBUG datatype 6264 {urn:com:appian:types:LMS}LMS_Leave Begin transport.
2020-06-14 14:09:59.623 DEBUG datatype 6264 {urn:com:appian:types:LMS}LMS_Leave Retrieving object data.
2020-06-14 14:09:59.642 DEBUG datatype 6264 {urn:com:appian:types:LMS}LMS_Leave Setting uuids of object references.
2020-06-14 14:09:59.645 DEBUG datatype 6264 {urn:com:appian:types:LMS}LMS_Leave Completing produce.
2020-06-14 14:09:59.645 DEBUG datatype 6264 {urn:com:appian:types:LMS}LMS_Leave Exporting binary resources.
2020-06-14 14:09:59.645 DEBUG datatype 6264 {urn:com:appian:types:LMS}LMS_Leave Serializing object to XML.
2020-06-14 14:09:59.649 DEBUG datatype 6264 {urn:com:appian:types:LMS}LMS_Leave Object transported.
2020-06-14 14:09:59.651 DEBUG dataStore 98556 _a-0000e481-6786-8000-9bc1-011c48011c48_1318258 Begin transport.
2020-06-14 14:09:59.651 DEBUG dataStore 98556 _a-0000e481-6786-8000-9bc1-011c48011c48_1318258 Retrieving object data.
2020-06-14 14:09:59.655 DEBUG dataStore 98556 _a-0000e481-6786-8000-9bc1-011c48011c48_1318258 Setting uuids of object references.
2020-06-14 14:09:59.656 DEBUG dataStore 98556 _a-0000e481-6786-8000-9bc1-011c48011c48_1318258 Processing reference: datatypeRef[id=6264]
2020-06-14 14:09:59.657 DEBUG dataStore 98556 _a-0000e481-6786-8000-9bc1-011c48011c48_1318258 Processing reference: ContentRole[name=administrators,groupIds=[947],inherit=false,allowForAll=false]
2020-06-14 14:09:59.658 DEBUG group 947 _e-0000e481-6786-8000-9b0d-01075c01075c_4296 Begin transport.
2020-06-14 14:09:59.658 DEBUG group 947 _e-0000e481-6786-8000-9b0d-01075c01075c_4296 Retrieving object data.
2020-06-14 14:09:59.665 DEBUG group 947 _e-0000e481-6786-8000-9b0d-01075c01075c_4296 Setting uuids of object references.
2020-06-14 14:09:59.665 DEBUG group 947 _e-0000e481-6786-8000-9b0d-01075c01075c_4296 Processing reference: Role[name=<null>]
2020-06-14 14:09:59.665 DEBUG group 947 _e-0000e481-6786-8000-9b0d-01075c01075c_4296 Processing reference: Group.groupTypeId
2020-06-14 14:09:59.667 DEBUG group 947 _e-0000e481-6786-8000-9b0d-01075c01075c_4296 Processing reference: Group.parentId
2020-06-14 14:09:59.668 DEBUG group 948 _e-0000e481-6786-8000-9b0d-01075c01075c_4298 Begin transport.
2020-06-14 14:09:59.668 DEBUG group 948 _e-0000e481-6786-8000-9b0d-01075c01075c_4298 Retrieving object data.
2020-06-14 14:09:59.677 DEBUG group 948 _e-0000e481-6786-8000-9b0d-01075c01075c_4298 Setting uuids of object references.
2020-06-14 14:09:59.677 DEBUG group 948 _e-0000e481-6786-8000-9b0d-01075c01075c_4298 Processing reference: Role[name=<null>]
2020-06-14 14:09:59.677 DEBUG group 948 _e-0000e481-6786-8000-9b0d-01075c01075c_4298 Processing reference: Group.groupTypeId
2020-06-14 14:09:59.678 DEBUG group 948 _e-0000e481-6786-8000-9b0d-01075c01075c_4298 Processing reference: Group.parentId
2020-06-14 14:09:59.679 DEBUG group 948 _e-0000e481-6786-8000-9b0d-01075c01075c_4298 Processing reference: Group.homePageId
2020-06-14 14:09:59.679 DEBUG group 948 _e-0000e481-6786-8000-9b0d-01075c01075c_4298 Processing reference: Role[name=<null>,groupIds=[947]]
2020-06-14 14:09:59.68 DEBUG group 947 _e-0000e481-6786-8000-9b0d-01075c01075c_4296 Begin transport.
2020-06-14 14:09:59.68 DEBUG group 947 _e-0000e481-6786-8000-9b0d-01075c01075c_4296 Loop detected: [group:947, group:948]
2020-06-14 14:09:59.68 DEBUG group 947 Breaking loop [group:947, group:948]. group:948 will be transported with its reference to 947 nulled out and will require a second pass.
2020-06-14 14:09:59.68 DEBUG group 948 _e-0000e481-6786-8000-9b0d-01075c01075c_4298 Completing produce.
2020-06-14 14:09:59.681 DEBUG group 948 _e-0000e481-6786-8000-9b0d-01075c01075c_4298 Object transported with these references nulled out: [group:947]
2020-06-14 14:09:59.681 DEBUG group 947 _e-0000e481-6786-8000-9b0d-01075c01075c_4296 Processing reference: Group.homePageId
2020-06-14 14:09:59.681 DEBUG group 947 _e-0000e481-6786-8000-9b0d-01075c01075c_4296 Processing reference: Role[name=<null>]
2020-06-14 14:09:59.681 DEBUG group 947 _e-0000e481-6786-8000-9b0d-01075c01075c_4296 Completing produce.
2020-06-14 14:09:59.681 DEBUG group 947 _e-0000e481-6786-8000-9b0d-01075c01075c_4296 Exporting binary resources.
2020-06-14 14:09:59.681 DEBUG group 947 _e-0000e481-6786-8000-9b0d-01075c01075c_4296 Serializing object to XML.
2020-06-14 14:09:59.686 DEBUG group 947 _e-0000e481-6786-8000-9b0d-01075c01075c_4296 Object transported.
2020-06-14 14:09:59.686 DEBUG group 947 _e-0000e481-6786-8000-9b0d-01075c01075c_4296 Binding pending incomplete: group:948
2020-06-14 14:09:59.687 DEBUG group 948 _e-0000e481-6786-8000-9b0d-01075c01075c_4298 Begin transport.
2020-06-14 14:09:59.687 DEBUG group 948 _e-0000e481-6786-8000-9b0d-01075c01075c_4298 Retrieving object data.
2020-06-14 14:09:59.692 DEBUG group 948 _e-0000e481-6786-8000-9b0d-01075c01075c_4298 Setting uuids of object references.
2020-06-14 14:09:59.692 DEBUG group 948 _e-0000e481-6786-8000-9b0d-01075c01075c_4298 Processing reference: Role[name=<null>]
2020-06-14 14:09:59.692 DEBUG group 948 _e-0000e481-6786-8000-9b0d-01075c01075c_4298 Processing reference: Group.groupTypeId
2020-06-14 14:09:59.694 DEBUG group 948 _e-0000e481-6786-8000-9b0d-01075c01075c_4298 Processing reference: Group.parentId
2020-06-14 14:09:59.694 DEBUG group 948 _e-0000e481-6786-8000-9b0d-01075c01075c_4298 Processing reference: Group.homePageId
2020-06-14 14:09:59.694 DEBUG group 948 _e-0000e481-6786-8000-9b0d-01075c01075c_4298 Processing reference: Role[name=<null>,groupIds=[947]]
2020-06-14 14:09:59.695 DEBUG group 948 _e-0000e481-6786-8000-9b0d-01075c01075c_4298 Completing produce.
2020-06-14 14:09:59.695 DEBUG group 948 _e-0000e481-6786-8000-9b0d-01075c01075c_4298 Exporting binary resources.
2020-06-14 14:09:59.695 DEBUG group 948 _e-0000e481-6786-8000-9b0d-01075c01075c_4298 Serializing object to XML.
2020-06-14 14:09:59.7 DEBUG group 948 _e-0000e481-6786-8000-9b0d-01075c01075c_4298 Removed object from incomplete list.
2020-06-14 14:09:59.7 DEBUG group 948 _e-0000e481-6786-8000-9b0d-01075c01075c_4298 Object transported.
2020-06-14 14:09:59.7 DEBUG dataStore 98556 _a-0000e481-6786-8000-9bc1-011c48011c48_1318258 Processing reference: ContentRole[name=authors,inherit=false,allowForAll=false]
2020-06-14 14:09:59.7 DEBUG dataStore 98556 _a-0000e481-6786-8000-9bc1-011c48011c48_1318258 Processing reference: ContentRole[name=denyAdministrators,inherit=false,allowForAll=false]
2020-06-14 14:09:59.7 DEBUG dataStore 98556 _a-0000e481-6786-8000-9bc1-011c48011c48_1318258 Processing reference: ContentRole[name=denyAuthors,inherit=false,allowForAll=false]
2020-06-14 14:09:59.701 DEBUG dataStore 98556 _a-0000e481-6786-8000-9bc1-011c48011c48_1318258 Processing reference: ContentRole[name=denyReaders,inherit=false,allowForAll=false]
2020-06-14 14:09:59.701 DEBUG dataStore 98556 _a-0000e481-6786-8000-9bc1-011c48011c48_1318258 Processing reference: ContentRole[name=readers,groupIds=[948],inherit=false,allowForAll=false]
2020-06-14 14:09:59.702 DEBUG dataStore 98556 _a-0000e481-6786-8000-9bc1-011c48011c48_1318258 Completing produce.
2020-06-14 14:09:59.702 DEBUG dataStore 98556 _a-0000e481-6786-8000-9bc1-011c48011c48_1318258 Exporting binary resources.
2020-06-14 14:09:59.702 DEBUG dataStore 98556 _a-0000e481-6786-8000-9bc1-011c48011c48_1318258 Serializing object to XML.
2020-06-14 14:09:59.707 DEBUG dataStore 98556 _a-0000e481-6786-8000-9bc1-011c48011c48_1318258 Object transported.
2020-06-14 14:09:59.71 DEBUG content 98547 _a-0000e481-6786-8000-9bc1-011c48011c48_1318199 Begin transport.
2020-06-14 14:09:59.71 DEBUG content 98547 _a-0000e481-6786-8000-9bc1-011c48011c48_1318199 Retrieving object data.
2020-06-14 14:09:59.719 DEBUG content 98547 _a-0000e481-6786-8000-9bc1-011c48011c48_1318199 Setting uuids of object references.
2020-06-14 14:09:59.719 DEBUG content 98547 _a-0000e481-6786-8000-9bc1-011c48011c48_1318199 Processing reference: RulesFolder.forum
2020-06-14 14:09:59.719 DEBUG content 98547 _a-0000e481-6786-8000-9bc1-011c48011c48_1318199 Processing reference: RulesFolder.parent
2020-06-14 14:09:59.722 DEBUG content 98547 _a-0000e481-6786-8000-9bc1-011c48011c48_1318199 Processing reference: com.appiancorp.suiteapi.content.ContentRoleMap@f481661[
  ContentRole[name=readers,inherit=false,allowForAll=false]
  ContentRole[name=authors,groupIds=[948],inherit=false,allowForAll=false]
  ContentRole[name=administrators,groupIds=[947],inherit=false,allowForAll=false]
  ContentRole[name=denyReaders,inherit=false,allowForAll=false]
  ContentRole[name=denyAuthors,inherit=false,allowForAll=false]
  ContentRole[name=denyAdministrators,inherit=false,allowForAll=false]
  securityVector=1:SEC_PUBLIC=true,SEC_CREATOR_ADMIN=false,SEC_INH_ADMIN=false,SEC_INH_EDITOR=false,SEC_INH_VIEWER=false,SEC_ALL_ADMIN=false,SEC_ALL_EDITOR=false,SEC_ALL_VIEWER=false
]
2020-06-14 14:09:59.722 DEBUG content 98547 _a-0000e481-6786-8000-9bc1-011c48011c48_1318199 Processing reference: ContentRole[name=readers,inherit=false,allowForAll=false]
2020-06-14 14:09:59.722 DEBUG content 98547 _a-0000e481-6786-8000-9bc1-011c48011c48_1318199 Processing reference: ContentRole[name=authors,groupIds=[948],inherit=false,allowForAll=false]
2020-06-14 14:09:59.723 DEBUG content 98547 _a-0000e481-6786-8000-9bc1-011c48011c48_1318199 Processing reference: ContentRole[name=administrators,groupIds=[947],inherit=false,allowForAll=false]
2020-06-14 14:09:59.724 DEBUG content 98547 _a-0000e481-6786-8000-9bc1-011c48011c48_1318199 Processing reference: ContentRole[name=denyReaders,inherit=false,allowForAll=false]
2020-06-14 14:09:59.724 DEBUG content 98547 _a-0000e481-6786-8000-9bc1-011c48011c48_1318199 Processing reference: ContentRole[name=denyAuthors,inherit=false,allowForAll=false]
2020-06-14 14:09:59.724 DEBUG content 98547 _a-0000e481-6786-8000-9bc1-011c48011c48_1318199 Processing reference: ContentRole[name=denyAdministrators,inherit=false,allowForAll=false]
2020-06-14 14:09:59.724 DEBUG content 98547 _a-0000e481-6786-8000-9bc1-011c48011c48_1318199 Completing produce.
2020-06-14 14:09:59.724 DEBUG content 98547 _a-0000e481-6786-8000-9bc1-011c48011c48_1318199 Exporting binary resources.
2020-06-14 14:09:59.724 DEBUG content 98547 _a-0000e481-6786-8000-9bc1-011c48011c48_1318199 Serializing object to XML.
2020-06-14 14:09:59.73 DEBUG content 98547 _a-0000e481-6786-8000-9bc1-011c48011c48_1318199 Object transported.
2020-06-14 14:09:59.73 DEBUG content 98548 _a-0000e481-6786-8000-9bc1-011c48011c48_1318209 Begin transport.
2020-06-14 14:09:59.73 DEBUG content 98548 _a-0000e481-6786-8000-9bc1-011c48011c48_1318209 Retrieving object data.
2020-06-14 14:09:59.738 DEBUG content 98548 _a-0000e481-6786-8000-9bc1-011c48011c48_1318209 Setting uuids of object references.
2020-06-14 14:09:59.738 DEBUG content 98548 _a-0000e481-6786-8000-9bc1-011c48011c48_1318209 Processing reference: RulesFolder.forum
2020-06-14 14:09:59.738 DEBUG content 98548 _a-0000e481-6786-8000-9bc1-011c48011c48_1318209 Processing reference: RulesFolder.parent
2020-06-14 14:09:59.741 DEBUG content 98548 _a-0000e481-6786-8000-9bc1-011c48011c48_1318209 Processing reference: com.appiancorp.suiteapi.content.ContentRoleMap@ee9894c[
  ContentRole[name=readers,inherit=true,allowForAll=false]
  ContentRole[name=authors,inherit=true,allowForAll=false]
  ContentRole[name=administrators,inherit=true,allowForAll=false]
  ContentRole[name=denyReaders,inherit=false,allowForAll=false]
  ContentRole[name=denyAuthors,inherit=false,allowForAll=false]
  ContentRole[name=denyAdministrators,inherit=false,allowForAll=false]
  securityVector=15:SEC_PUBLIC=true,SEC_CREATOR_ADMIN=false,SEC_INH_ADMIN=true,SEC_INH_EDITOR=true,SEC_INH_VIEWER=true,SEC_ALL_ADMIN=false,SEC_ALL_EDITOR=false,SEC_ALL_VIEWER=false
]
2020-06-14 14:09:59.741 DEBUG content 98548 _a-0000e481-6786-8000-9bc1-011c48011c48_1318209 Processing reference: ContentRole[name=readers,inherit=true,allowForAll=false]
2020-06-14 14:09:59.741 DEBUG content 98548 _a-0000e481-6786-8000-9bc1-011c48011c48_1318209 Processing reference: ContentRole[name=authors,inherit=true,allowForAll=false]
2020-06-14 14:09:59.741 DEBUG content 98548 _a-0000e481-6786-8000-9bc1-011c48011c48_1318209 Processing reference: ContentRole[name=administrators,inherit=true,allowForAll=false]
2020-06-14 14:09:59.741 DEBUG content 98548 _a-0000e481-6786-8000-9bc1-011c48011c48_1318209 Processing reference: ContentRole[name=denyReaders,inherit=false,allowForAll=false]
2020-06-14 14:09:59.741 DEBUG content 98548 _a-0000e481-6786-8000-9bc1-011c48011c48_1318209 Processing reference: ContentRole[name=denyAuthors,inherit=false,allowForAll=false]
2020-06-14 14:09:59.741 DEBUG content 98548 _a-0000e481-6786-8000-9bc1-011c48011c48_1318209 Processing reference: ContentRole[name=denyAdministrators,inherit=false,allowForAll=false]
2020-06-14 14:09:59.741 DEBUG content 98548 _a-0000e481-6786-8000-9bc1-011c48011c48_1318209 Completing produce.
2020-06-14 14:09:59.741 DEBUG content 98548 _a-0000e481-6786-8000-9bc1-011c48011c48_1318209 Exporting binary resources.
2020-06-14 14:09:59.741 DEBUG content 98548 _a-0000e481-6786-8000-9bc1-011c48011c48_1318209 Serializing object to XML.
2020-06-14 14:09:59.746 DEBUG content 98548 _a-0000e481-6786-8000-9bc1-011c48011c48_1318209 Object transported.
2020-06-14 14:09:59.746 DEBUG content 98567 _a-0000e481-6786-8000-9bc1-011c48011c48_1318218 Begin transport.
2020-06-14 14:09:59.746 DEBUG content 98567 _a-0000e481-6786-8000-9bc1-011c48011c48_1318218 Retrieving object data.
2020-06-14 14:09:59.756 DEBUG content 98567 _a-0000e481-6786-8000-9bc1-011c48011c48_1318218 Setting uuids of object references.
2020-06-14 14:09:59.756 DEBUG content 98567 _a-0000e481-6786-8000-9bc1-011c48011c48_1318218 Processing reference: [Content:id=98549,versionId=-1,name=LMS_f_applyForLeave,type=32,subtype=6,uuid=_a-0000e481-6786-8000-9bc1-011c48011c48_1318218,parent=98548]
2020-06-14 14:09:59.765 DEBUG content 98567 _a-0000e481-6786-8000-9bc1-011c48011c48_1318218 Processing reference: Interface.forum
2020-06-14 14:09:59.766 DEBUG content 98567 _a-0000e481-6786-8000-9bc1-011c48011c48_1318218 Processing reference: TypedVariable[name=LMS_Leave,it=6264,v=<null>]
2020-06-14 14:09:59.767 DEBUG content 98567 _a-0000e481-6786-8000-9bc1-011c48011c48_1318218 Processing reference: TypedVariable[name=cancel,it=26,v=<null>]
2020-06-14 14:09:59.767 DEBUG content 98567 _a-0000e481-6786-8000-9bc1-011c48011c48_1318218 Processing reference: TypedVariable[name=readOnly,it=26,v=<null>]
2020-06-14 14:09:59.767 DEBUG content 98567 _a-0000e481-6786-8000-9bc1-011c48011c48_1318218 Processing reference: Interface.parent
2020-06-14 14:09:59.77 DEBUG content 98567 _a-0000e481-6786-8000-9bc1-011c48011c48_1318218 Processing reference: com.appiancorp.suiteapi.content.ContentRoleMap@5cdf58be[
  ContentRole[name=readers,inherit=true,allowForAll=false]
  ContentRole[name=authors,inherit=true,allowForAll=false]
  ContentRole[name=administrators,inherit=true,allowForAll=false]
  ContentRole[name=denyReaders,inherit=false,allowForAll=false]
  ContentRole[name=denyAuthors,inherit=false,allowForAll=false]
  ContentRole[name=denyAdministrators,inherit=false,allowForAll=false]
  securityVector=15:SEC_PUBLIC=true,SEC_CREATOR_ADMIN=false,SEC_INH_ADMIN=true,SEC_INH_EDITOR=true,SEC_INH_VIEWER=true,SEC_ALL_ADMIN=false,SEC_ALL_EDITOR=false,SEC_ALL_VIEWER=false
]
2020-06-14 14:09:59.77 DEBUG content 98567 _a-0000e481-6786-8000-9bc1-011c48011c48_1318218 Processing reference: ContentRole[name=readers,inherit=true,allowForAll=false]
2020-06-14 14:09:59.77 DEBUG content 98567 _a-0000e481-6786-8000-9bc1-011c48011c48_1318218 Processing reference: ContentRole[name=authors,inherit=true,allowForAll=false]
2020-06-14 14:09:59.77 DEBUG content 98567 _a-0000e481-6786-8000-9bc1-011c48011c48_1318218 Processing reference: ContentRole[name=administrators,inherit=true,allowForAll=false]
2020-06-14 14:09:59.77 DEBUG content 98567 _a-0000e481-6786-8000-9bc1-011c48011c48_1318218 Processing reference: ContentRole[name=denyReaders,inherit=false,allowForAll=false]
2020-06-14 14:09:59.77 DEBUG content 98567 _a-0000e481-6786-8000-9bc1-011c48011c48_1318218 Processing reference: ContentRole[name=denyAuthors,inherit=false,allowForAll=false]
2020-06-14 14:09:59.77 DEBUG content 98567 _a-0000e481-6786-8000-9bc1-011c48011c48_1318218 Processing reference: ContentRole[name=denyAdministrators,inherit=false,allowForAll=false]
2020-06-14 14:09:59.77 DEBUG content 98567 _a-0000e481-6786-8000-9bc1-011c48011c48_1318218 Completing produce.
2020-06-14 14:09:59.77 DEBUG content 98567 _a-0000e481-6786-8000-9bc1-011c48011c48_1318218 Exporting binary resources.
2020-06-14 14:09:59.77 DEBUG content 98567 _a-0000e481-6786-8000-9bc1-011c48011c48_1318218 Serializing object to XML.
2020-06-14 14:09:59.779 DEBUG content 98567 _a-0000e481-6786-8000-9bc1-011c48011c48_1318218 Object transported.
2020-06-14 14:09:59.779 DEBUG content 98557 _a-0000e481-6786-8000-9bc1-011c48011c48_1318232 Begin transport.
2020-06-14 14:09:59.779 DEBUG content 98557 _a-0000e481-6786-8000-9bc1-011c48011c48_1318232 Retrieving object data.
2020-06-14 14:09:59.788 DEBUG content 98557 _a-0000e481-6786-8000-9bc1-011c48011c48_1318232 Setting uuids of object references.
2020-06-14 14:09:59.788 DEBUG content 98557 _a-0000e481-6786-8000-9bc1-011c48011c48_1318232 Processing reference: [Content:id=98551,versionId=-1,name=LMS_siteHomePage,type=32,subtype=6,uuid=_a-0000e481-6786-8000-9bc1-011c48011c48_1318232,parent=98548]
2020-06-14 14:09:59.791 DEBUG content 98553 _a-0000e481-6786-8000-9bc1-011c48011c48_1318246 Begin transport.
2020-06-14 14:09:59.791 DEBUG content 98553 _a-0000e481-6786-8000-9bc1-011c48011c48_1318246 Retrieving object data.
2020-06-14 14:09:59.797 DEBUG content 98553 _a-0000e481-6786-8000-9bc1-011c48011c48_1318246 Setting uuids of object references.
2020-06-14 14:09:59.797 DEBUG content 98553 _a-0000e481-6786-8000-9bc1-011c48011c48_1318246 Processing reference: [Content:id=98553,versionId=-1,name=LMS_PM_APPLY_FOR_LEAVE,type=32,subtype=0,uuid=_a-0000e481-6786-8000-9bc1-011c48011c48_1318246,parent=98552]
2020-06-14 14:09:59.799 DEBUG processModel 4506 0002e499-9194-8000-07d7-7f0000014e7a Begin transport.
2020-06-14 14:09:59.799 DEBUG processModel 4506 0002e499-9194-8000-07d7-7f0000014e7a Retrieving object data.
2020-06-14 14:09:59.917 DEBUG processModel 4506 0002e499-9194-8000-07d7-7f0000014e7a Setting uuids of object references.
2020-06-14 14:09:59.917 DEBUG processModel 4506 0002e499-9194-8000-07d7-7f0000014e7a Processing reference: ProcessModelHaul.folderId
2020-06-14 14:09:59.918 DEBUG processModelFolder 121 _g-0000e481-6786-8000-07c4-7f0000014e7a_519 Begin transport.
2020-06-14 14:09:59.918 DEBUG processModelFolder 121 _g-0000e481-6786-8000-07c4-7f0000014e7a_519 Retrieving object data.
2020-06-14 14:09:59.921 DEBUG processModelFolder 121 _g-0000e481-6786-8000-07c4-7f0000014e7a_519 Setting uuids of object references.
2020-06-14 14:09:59.921 DEBUG processModelFolder 121 _g-0000e481-6786-8000-07c4-7f0000014e7a_519 Processing reference: ProcessModelFolder.parentFolderId
2020-06-14 14:09:59.922 DEBUG processModelFolder 121 _g-0000e481-6786-8000-07c4-7f0000014e7a_519 Processing reference: com.appiancorp.suiteapi.process.ProcessRoleMap@f200126[
  Role[name=ADMIN_OWNER,groupIds=[947]]
  Role[name=EDITOR]
  Role[name=EXPLICIT_NONMEMBER]
  Role[name=VIEWER,groupIds=[948]]
  Role[name=MANAGER]
  Role[name=INITIATOR]
]
2020-06-14 14:09:59.922 DEBUG processModelFolder 121 _g-0000e481-6786-8000-07c4-7f0000014e7a_519 Processing reference: Role[name=ADMIN_OWNER,groupIds=[947]]
2020-06-14 14:09:59.924 DEBUG processModelFolder 121 _g-0000e481-6786-8000-07c4-7f0000014e7a_519 Processing reference: Role[name=EDITOR]
2020-06-14 14:09:59.924 DEBUG processModelFolder 121 _g-0000e481-6786-8000-07c4-7f0000014e7a_519 Processing reference: Role[name=EXPLICIT_NONMEMBER]
2020-06-14 14:09:59.924 DEBUG processModelFolder 121 _g-0000e481-6786-8000-07c4-7f0000014e7a_519 Processing reference: Role[name=VIEWER,groupIds=[948]]
2020-06-14 14:09:59.925 DEBUG processModelFolder 121 _g-0000e481-6786-8000-07c4-7f0000014e7a_519 Processing reference: Role[name=MANAGER]
2020-06-14 14:09:59.925 DEBUG processModelFolder 121 _g-0000e481-6786-8000-07c4-7f0000014e7a_519 Processing reference: Role[name=INITIATOR]
2020-06-14 14:09:59.925 DEBUG processModelFolder 121 _g-0000e481-6786-8000-07c4-7f0000014e7a_519 Completing produce.
2020-06-14 14:09:59.925 DEBUG processModelFolder 121 _g-0000e481-6786-8000-07c4-7f0000014e7a_519 Exporting binary resources.
2020-06-14 14:09:59.925 DEBUG processModelFolder 121 _g-0000e481-6786-8000-07c4-7f0000014e7a_519 Serializing object to XML.
2020-06-14 14:09:59.931 DEBUG processModelFolder 121 _g-0000e481-6786-8000-07c4-7f0000014e7a_519 Object transported.
2020-06-14 14:09:59.931 DEBUG processModel 4506 0002e499-9194-8000-07d7-7f0000014e7a Processing reference: ProcessModelHaul.modelDashboardPageId
2020-06-14 14:09:59.931 DEBUG processModel 4506 0002e499-9194-8000-07d7-7f0000014e7a Processing reference: ProcessModelHaul.processDashboardPageId
2020-06-14 14:09:59.931 DEBUG processModel 4506 0002e499-9194-8000-07d7-7f0000014e7a Processing reference: ProcessModel.emailAttachmentFolderId
2020-06-14 14:09:59.932 DEBUG processModel 4506 0002e499-9194-8000-07d7-7f0000014e7a Processing reference: InternalForm.docId
2020-06-14 14:09:59.933 DEBUG processModel 4506 0002e499-9194-8000-07d7-7f0000014e7a Processing reference: InternalForm.docId
2020-06-14 14:09:59.933 DEBUG processModel 4506 0002e499-9194-8000-07d7-7f0000014e7a Processing reference: InternalForm.docId
2020-06-14 14:09:59.933 DEBUG processModel 4506 0002e499-9194-8000-07d7-7f0000014e7a Processing reference: 4096 947
2020-06-14 14:09:59.935 DEBUG processModel 4506 0002e499-9194-8000-07d7-7f0000014e7a Processing reference: ActivityClassParameter[name=pmID,it=23,v=<null>]
2020-06-14 14:09:59.935 DEBUG processModel 4506 0002e499-9194-8000-07d7-7f0000014e7a Processing reference: ActivityClassParameter[name=inMap,it=111,v={}]
2020-06-14 14:09:59.935 DEBUG processModel 4506 0002e499-9194-8000-07d7-7f0000014e7a Processing reference: ActivityClassParameter[name=procInheritsPriority,it=1,v=1]
2020-06-14 14:09:59.935 DEBUG processModel 4506 0002e499-9194-8000-07d7-7f0000014e7a Processing reference: ActivityClassParameter[name=pmUUID,it=3,v=]
2020-06-14 14:09:59.935 DEBUG processModel 4506 0002e499-9194-8000-07d7-7f0000014e7a Processing reference: ActivityClassParameter[name=isAsynchronous,it=26,v=1]
2020-06-14 14:09:59.936 DEBUG processModel 4506 0002e499-9194-8000-07d7-7f0000014e7a Processing reference: ActivityClassParameter[name=isTransparent,it=26,v=1]
2020-06-14 14:09:59.936 DEBUG processModel 4506 0002e499-9194-8000-07d7-7f0000014e7a Processing reference: ActivityClassParameter[name=inheritSecurity,it=26,v=0]
2020-06-14 14:09:59.936 DEBUG processModel 4506 0002e499-9194-8000-07d7-7f0000014e7a Processing reference: ActivityClassParameter[name=LMS_Leave,it=6264,v=<null>]
2020-06-14 14:09:59.936 DEBUG processModel 4506 0002e499-9194-8000-07d7-7f0000014e7a Processing reference: ActivityClassParameter[name=cancel,it=26,v=<null>]
2020-06-14 14:09:59.936 DEBUG processModel 4506 0002e499-9194-8000-07d7-7f0000014e7a Processing reference: ActivityClassParameter[name=readOnly,it=26,v=<null>]
2020-06-14 14:09:59.936 DEBUG processModel 4506 0002e499-9194-8000-07d7-7f0000014e7a Processing reference: InternalForm.docId
2020-06-14 14:09:59.936 DEBUG processModel 4506 0002e499-9194-8000-07d7-7f0000014e7a Processing reference: InternalForm.docId
2020-06-14 14:09:59.936 DEBUG processModel 4506 0002e499-9194-8000-07d7-7f0000014e7a Processing reference: InternalForm.docId
2020-06-14 14:09:59.937 DEBUG processModel 4506 0002e499-9194-8000-07d7-7f0000014e7a Processing reference: com.appiancorp.suiteapi.process.Assignment$Assignee@69035cfd
2020-06-14 14:09:59.937 DEBUG processModel 4506 0002e499-9194-8000-07d7-7f0000014e7a Processing reference: ActivityClassParameter[name=leave,it=6264,v=<null>]
2020-06-14 14:09:59.937 DEBUG processModel 4506 0002e499-9194-8000-07d7-7f0000014e7a Processing reference: FormElement[label=Question1]
2020-06-14 14:09:59.938 DEBUG processModel 4506 0002e499-9194-8000-07d7-7f0000014e7a Processing reference: InternalForm.docId
2020-06-14 14:09:59.938 DEBUG processModel 4506 0002e499-9194-8000-07d7-7f0000014e7a Processing reference: FormElement[label=Question1]
2020-06-14 14:09:59.938 DEBUG processModel 4506 0002e499-9194-8000-07d7-7f0000014e7a Processing reference: InternalForm.docId
2020-06-14 14:09:59.938 DEBUG processModel 4506 0002e499-9194-8000-07d7-7f0000014e7a Processing reference: FormElement[label=Question1]
2020-06-14 14:09:59.938 DEBUG processModel 4506 0002e499-9194-8000-07d7-7f0000014e7a Processing reference: InternalForm.docId
2020-06-14 14:09:59.939 DEBUG processModel 4506 0002e499-9194-8000-07d7-7f0000014e7a Processing reference: ActivityClassParameter[name=DataStoreEntity,it=81,v=]
2020-06-14 14:09:59.939 DEBUG processModel 4506 0002e499-9194-8000-07d7-7f0000014e7a Processing reference: ActivityClassParameter[name=StoredValues,it=197,v=<null>]
2020-06-14 14:09:59.939 DEBUG processModel 4506 0002e499-9194-8000-07d7-7f0000014e7a Processing reference: ProcessVariable[name=LMS_Leave,it=6264,v=<null>]
2020-06-14 14:09:59.939 DEBUG processModel 4506 0002e499-9194-8000-07d7-7f0000014e7a Processing reference: ProcessVariable[name=cancel,it=26,v=<null>]
2020-06-14 14:09:59.939 DEBUG processModel 4506 0002e499-9194-8000-07d7-7f0000014e7a Processing reference: ProcessVariable[name=readOnly,it=26,v=<null>]
2020-06-14 14:09:59.939 DEBUG processModel 4506 0002e499-9194-8000-07d7-7f0000014e7a Processing reference: com.appiancorp.suiteapi.process.ProcessRoleMap@6ddc44b6[
  Role[name=ADMIN_OWNER,groupIds=[947]]
  Role[name=EDITOR]
  Role[name=EXPLICIT_NONMEMBER]
  Role[name=VIEWER,groupIds=[948]]
  Role[name=MANAGER]
  Role[name=INITIATOR]
]
2020-06-14 14:09:59.939 DEBUG processModel 4506 0002e499-9194-8000-07d7-7f0000014e7a Processing reference: Role[name=ADMIN_OWNER,groupIds=[947]]
2020-06-14 14:09:59.942 DEBUG processModel 4506 0002e499-9194-8000-07d7-7f0000014e7a Processing reference: Role[name=EDITOR]
2020-06-14 14:09:59.942 DEBUG processModel 4506 0002e499-9194-8000-07d7-7f0000014e7a Processing reference: Role[name=EXPLICIT_NONMEMBER]
2020-06-14 14:09:59.942 DEBUG processModel 4506 0002e499-9194-8000-07d7-7f0000014e7a Processing reference: Role[name=VIEWER,groupIds=[948]]
2020-06-14 14:09:59.943 DEBUG processModel 4506 0002e499-9194-8000-07d7-7f0000014e7a Processing reference: Role[name=MANAGER]
2020-06-14 14:09:59.943 DEBUG processModel 4506 0002e499-9194-8000-07d7-7f0000014e7a Processing reference: Role[name=INITIATOR]
2020-06-14 14:09:59.949 DEBUG content 98559 _a-0000e481-6786-8000-9bc1-011c48011c48_1318283 Begin transport.
2020-06-14 14:09:59.949 DEBUG content 98559 _a-0000e481-6786-8000-9bc1-011c48011c48_1318283 Retrieving object data.
2020-06-14 14:09:59.957 DEBUG content 98559 _a-0000e481-6786-8000-9bc1-011c48011c48_1318283 Setting uuids of object references.
2020-06-14 14:09:59.957 DEBUG content 98559 _a-0000e481-6786-8000-9bc1-011c48011c48_1318283 Processing reference: [Content:id=98559,versionId=-1,name=LMS_DSE_LEAVE,type=32,subtype=0,uuid=_a-0000e481-6786-8000-9bc1-011c48011c48_1318283,parent=98552]
2020-06-14 14:09:59.959 DEBUG content 98559 _a-0000e481-6786-8000-9bc1-011c48011c48_1318283 Processing reference: Constant.forum
2020-06-14 14:09:59.96 DEBUG content 98559 _a-0000e481-6786-8000-9bc1-011c48011c48_1318283 Processing reference: Constant.parent
2020-06-14 14:09:59.962 DEBUG content 98552 _a-0000e481-6786-8000-9bc1-011c48011c48_1318241 Begin transport.
2020-06-14 14:09:59.962 DEBUG content 98552 _a-0000e481-6786-8000-9bc1-011c48011c48_1318241 Retrieving object data.
2020-06-14 14:09:59.969 DEBUG content 98552 _a-0000e481-6786-8000-9bc1-011c48011c48_1318241 Setting uuids of object references.
2020-06-14 14:09:59.969 DEBUG content 98552 _a-0000e481-6786-8000-9bc1-011c48011c48_1318241 Processing reference: RulesFolder.forum
2020-06-14 14:09:59.969 DEBUG content 98552 _a-0000e481-6786-8000-9bc1-011c48011c48_1318241 Processing reference: RulesFolder.parent
2020-06-14 14:09:59.972 DEBUG content 98552 _a-0000e481-6786-8000-9bc1-011c48011c48_1318241 Processing reference: com.appiancorp.suiteapi.content.ContentRoleMap@25166e8c[
  ContentRole[name=readers,inherit=true,allowForAll=false]
  ContentRole[name=authors,inherit=true,allowForAll=false]
  ContentRole[name=administrators,inherit=true,allowForAll=false]
  ContentRole[name=denyReaders,inherit=false,allowForAll=false]
  ContentRole[name=denyAuthors,inherit=false,allowForAll=false]
  ContentRole[name=denyAdministrators,inherit=false,allowForAll=false]
  securityVector=15:SEC_PUBLIC=true,SEC_CREATOR_ADMIN=false,SEC_INH_ADMIN=true,SEC_INH_EDITOR=true,SEC_INH_VIEWER=true,SEC_ALL_ADMIN=false,SEC_ALL_EDITOR=false,SEC_ALL_VIEWER=false
]
2020-06-14 14:09:59.972 DEBUG content 98552 _a-0000e481-6786-8000-9bc1-011c48011c48_1318241 Processing reference: ContentRole[name=readers,inherit=true,allowForAll=false]
2020-06-14 14:09:59.972 DEBUG content 98552 _a-0000e481-6786-8000-9bc1-011c48011c48_1318241 Processing reference: ContentRole[name=authors,inherit=true,allowForAll=false]
2020-06-14 14:09:59.972 DEBUG content 98552 _a-0000e481-6786-8000-9bc1-011c48011c48_1318241 Processing reference: ContentRole[name=administrators,inherit=true,allowForAll=false]
2020-06-14 14:09:59.972 DEBUG content 98552 _a-0000e481-6786-8000-9bc1-011c48011c48_1318241 Processing reference: ContentRole[name=denyReaders,inherit=false,allowForAll=false]
2020-06-14 14:09:59.972 DEBUG content 98552 _a-0000e481-6786-8000-9bc1-011c48011c48_1318241 Processing reference: ContentRole[name=denyAuthors,inherit=false,allowForAll=false]
2020-06-14 14:09:59.972 DEBUG content 98552 _a-0000e481-6786-8000-9bc1-011c48011c48_1318241 Processing reference: ContentRole[name=denyAdministrators,inherit=false,allowForAll=false]
2020-06-14 14:09:59.972 DEBUG content 98552 _a-0000e481-6786-8000-9bc1-011c48011c48_1318241 Completing produce.
2020-06-14 14:09:59.972 DEBUG content 98552 _a-0000e481-6786-8000-9bc1-011c48011c48_1318241 Exporting binary resources.
2020-06-14 14:09:59.972 DEBUG content 98552 _a-0000e481-6786-8000-9bc1-011c48011c48_1318241 Serializing object to XML.
2020-06-14 14:09:59.978 DEBUG content 98552 _a-0000e481-6786-8000-9bc1-011c48011c48_1318241 Object transported.
2020-06-14 14:09:59.978 DEBUG content 98559 _a-0000e481-6786-8000-9bc1-011c48011c48_1318283 Processing reference: com.appiancorp.suiteapi.content.ContentRoleMap@221b487a[
  ContentRole[name=readers,inherit=true,allowForAll=false]
  ContentRole[name=authors,inherit=true,allowForAll=false]
  ContentRole[name=administrators,inherit=true,allowForAll=false]
  ContentRole[name=denyReaders,inherit=false,allowForAll=false]
  ContentRole[name=denyAuthors,inherit=false,allowForAll=false]
  ContentRole[name=denyAdministrators,inherit=false,allowForAll=false]
  securityVector=15:SEC_PUBLIC=true,SEC_CREATOR_ADMIN=false,SEC_INH_ADMIN=true,SEC_INH_EDITOR=true,SEC_INH_VIEWER=true,SEC_ALL_ADMIN=false,SEC_ALL_EDITOR=false,SEC_ALL_VIEWER=false
]
2020-06-14 14:09:59.978 DEBUG content 98559 _a-0000e481-6786-8000-9bc1-011c48011c48_1318283 Processing reference: ContentRole[name=readers,inherit=true,allowForAll=false]
2020-06-14 14:09:59.978 DEBUG content 98559 _a-0000e481-6786-8000-9bc1-011c48011c48_1318283 Processing reference: ContentRole[name=authors,inherit=true,allowForAll=false]
2020-06-14 14:09:59.979 DEBUG content 98559 _a-0000e481-6786-8000-9bc1-011c48011c48_1318283 Processing reference: ContentRole[name=administrators,inherit=true,allowForAll=false]
2020-06-14 14:09:59.979 DEBUG content 98559 _a-0000e481-6786-8000-9bc1-011c48011c48_1318283 Processing reference: ContentRole[name=denyReaders,inherit=false,allowForAll=false]
2020-06-14 14:09:59.979 DEBUG content 98559 _a-0000e481-6786-8000-9bc1-011c48011c48_1318283 Processing reference: ContentRole[name=denyAuthors,inherit=false,allowForAll=false]
2020-06-14 14:09:59.979 DEBUG content 98559 _a-0000e481-6786-8000-9bc1-011c48011c48_1318283 Processing reference: ContentRole[name=denyAdministrators,inherit=false,allowForAll=false]
2020-06-14 14:09:59.979 DEBUG content 98559 _a-0000e481-6786-8000-9bc1-011c48011c48_1318283 Completing produce.
2020-06-14 14:09:59.979 DEBUG content 98559 _a-0000e481-6786-8000-9bc1-011c48011c48_1318283 Exporting binary resources.
2020-06-14 14:09:59.979 DEBUG content 98559 _a-0000e481-6786-8000-9bc1-011c48011c48_1318283 Serializing object to XML.
2020-06-14 14:09:59.986 DEBUG content 98559 _a-0000e481-6786-8000-9bc1-011c48011c48_1318283 Object transported.
2020-06-14 14:09:59.986 DEBUG processModel 4506 0002e499-9194-8000-07d7-7f0000014e7a Completing produce.
2020-06-14 14:09:59.986 DEBUG processModel 4506 0002e499-9194-8000-07d7-7f0000014e7a Exporting binary resources.
2020-06-14 14:09:59.986 DEBUG processModel 4506 0002e499-9194-8000-07d7-7f0000014e7a Serializing object to XML.
2020-06-14 14:10:00.013 DEBUG processModel 4506 0002e499-9194-8000-07d7-7f0000014e7a Object transported.
2020-06-14 14:10:00.013 DEBUG content 98553 _a-0000e481-6786-8000-9bc1-011c48011c48_1318246 Processing reference: Constant.forum
2020-06-14 14:10:00.014 DEBUG content 98553 _a-0000e481-6786-8000-9bc1-011c48011c48_1318246 Processing reference: Constant.parent
2020-06-14 14:10:00.021 DEBUG content 98553 _a-0000e481-6786-8000-9bc1-011c48011c48_1318246 Processing reference: com.appiancorp.suiteapi.content.ContentRoleMap@455a450e[
  ContentRole[name=readers,inherit=true,allowForAll=false]
  ContentRole[name=authors,inherit=true,allowForAll=false]
  ContentRole[name=administrators,inherit=true,allowForAll=false]
  ContentRole[name=denyReaders,inherit=false,allowForAll=false]
  ContentRole[name=denyAuthors,inherit=false,allowForAll=false]
  ContentRole[name=denyAdministrators,inherit=false,allowForAll=false]
  securityVector=15:SEC_PUBLIC=true,SEC_CREATOR_ADMIN=false,SEC_INH_ADMIN=true,SEC_INH_EDITOR=true,SEC_INH_VIEWER=true,SEC_ALL_ADMIN=false,SEC_ALL_EDITOR=false,SEC_ALL_VIEWER=false
]
2020-06-14 14:10:00.021 DEBUG content 98553 _a-0000e481-6786-8000-9bc1-011c48011c48_1318246 Processing reference: ContentRole[name=readers,inherit=true,allowForAll=false]
2020-06-14 14:10:00.021 DEBUG content 98553 _a-0000e481-6786-8000-9bc1-011c48011c48_1318246 Processing reference: ContentRole[name=authors,inherit=true,allowForAll=false]
2020-06-14 14:10:00.021 DEBUG content 98553 _a-0000e481-6786-8000-9bc1-011c48011c48_1318246 Processing reference: ContentRole[name=administrators,inherit=true,allowForAll=false]
2020-06-14 14:10:00.021 DEBUG content 98553 _a-0000e481-6786-8000-9bc1-011c48011c48_1318246 Processing reference: ContentRole[name=denyReaders,inherit=false,allowForAll=false]
2020-06-14 14:10:00.021 DEBUG content 98553 _a-0000e481-6786-8000-9bc1-011c48011c48_1318246 Processing reference: ContentRole[name=denyAuthors,inherit=false,allowForAll=false]
2020-06-14 14:10:00.021 DEBUG content 98553 _a-0000e481-6786-8000-9bc1-011c48011c48_1318246 Processing reference: ContentRole[name=denyAdministrators,inherit=false,allowForAll=false]
2020-06-14 14:10:00.021 DEBUG content 98553 _a-0000e481-6786-8000-9bc1-011c48011c48_1318246 Completing produce.
2020-06-14 14:10:00.021 DEBUG content 98553 _a-0000e481-6786-8000-9bc1-011c48011c48_1318246 Exporting binary resources.
2020-06-14 14:10:00.021 DEBUG content 98553 _a-0000e481-6786-8000-9bc1-011c48011c48_1318246 Serializing object to XML.
2020-06-14 14:10:00.033 DEBUG content 98553 _a-0000e481-6786-8000-9bc1-011c48011c48_1318246 Object transported.
2020-06-14 14:10:00.033 DEBUG content 98557 _a-0000e481-6786-8000-9bc1-011c48011c48_1318232 Processing reference: Interface.forum
2020-06-14 14:10:00.033 DEBUG content 98557 _a-0000e481-6786-8000-9bc1-011c48011c48_1318232 Processing reference: Interface.parent
2020-06-14 14:10:00.038 DEBUG content 98557 _a-0000e481-6786-8000-9bc1-011c48011c48_1318232 Processing reference: com.appiancorp.suiteapi.content.ContentRoleMap@3496105[
  ContentRole[name=readers,inherit=true,allowForAll=false]
  ContentRole[name=authors,inherit=true,allowForAll=false]
  ContentRole[name=administrators,inherit=true,allowForAll=false]
  ContentRole[name=denyReaders,inherit=false,allowForAll=false]
  ContentRole[name=denyAuthors,inherit=false,allowForAll=false]
  ContentRole[name=denyAdministrators,inherit=false,allowForAll=false]
  securityVector=15:SEC_PUBLIC=true,SEC_CREATOR_ADMIN=false,SEC_INH_ADMIN=true,SEC_INH_EDITOR=true,SEC_INH_VIEWER=true,SEC_ALL_ADMIN=false,SEC_ALL_EDITOR=false,SEC_ALL_VIEWER=false
]
2020-06-14 14:10:00.038 DEBUG content 98557 _a-0000e481-6786-8000-9bc1-011c48011c48_1318232 Processing reference: ContentRole[name=readers,inherit=true,allowForAll=false]
2020-06-14 14:10:00.038 DEBUG content 98557 _a-0000e481-6786-8000-9bc1-011c48011c48_1318232 Processing reference: ContentRole[name=authors,inherit=true,allowForAll=false]
2020-06-14 14:10:00.038 DEBUG content 98557 _a-0000e481-6786-8000-9bc1-011c48011c48_1318232 Processing reference: ContentRole[name=administrators,inherit=true,allowForAll=false]
2020-06-14 14:10:00.038 DEBUG content 98557 _a-0000e481-6786-8000-9bc1-011c48011c48_1318232 Processing reference: ContentRole[name=denyReaders,inherit=false,allowForAll=false]
2020-06-14 14:10:00.038 DEBUG content 98557 _a-0000e481-6786-8000-9bc1-011c48011c48_1318232 Processing reference: ContentRole[name=denyAuthors,inherit=false,allowForAll=false]
2020-06-14 14:10:00.038 DEBUG content 98557 _a-0000e481-6786-8000-9bc1-011c48011c48_1318232 Processing reference: ContentRole[name=denyAdministrators,inherit=false,allowForAll=false]
2020-06-14 14:10:00.038 DEBUG content 98557 _a-0000e481-6786-8000-9bc1-011c48011c48_1318232 Completing produce.
2020-06-14 14:10:00.038 DEBUG content 98557 _a-0000e481-6786-8000-9bc1-011c48011c48_1318232 Exporting binary resources.
2020-06-14 14:10:00.038 DEBUG content 98557 _a-0000e481-6786-8000-9bc1-011c48011c48_1318232 Serializing object to XML.
2020-06-14 14:10:00.047 DEBUG content 98557 _a-0000e481-6786-8000-9bc1-011c48011c48_1318232 Object transported.
2020-06-14 14:10:00.054 DEBUG recordType 93 16bae4e0-b8f2-46b2-ade2-d6d31e04edc5 Begin transport.
2020-06-14 14:10:00.054 DEBUG recordType 93 16bae4e0-b8f2-46b2-ade2-d6d31e04edc5 Retrieving object data.
2020-06-14 14:10:00.086 DEBUG recordType 93 16bae4e0-b8f2-46b2-ade2-d6d31e04edc5 Setting uuids of object references.
2020-06-14 14:10:00.088 DEBUG recordType 93 16bae4e0-b8f2-46b2-ade2-d6d31e04edc5 Processing reference: RecordTypeDefinition.dataSrcExpr
2020-06-14 14:10:00.088 DEBUG recordType 93 16bae4e0-b8f2-46b2-ade2-d6d31e04edc5 Processing reference: RecordTypeDefinition.defaultFilters
2020-06-14 14:10:00.088 DEBUG recordType 93 16bae4e0-b8f2-46b2-ade2-d6d31e04edc5 Processing reference: RecordTypeDefinition.defaultFiltersExpr
2020-06-14 14:10:00.089 DEBUG recordType 93 16bae4e0-b8f2-46b2-ade2-d6d31e04edc5 Processing reference: DetailViewCfg.headerExpr
2020-06-14 14:10:00.09 DEBUG recordType 93 16bae4e0-b8f2-46b2-ade2-d6d31e04edc5 Processing reference: DetailViewCfg.nameExpr
2020-06-14 14:10:00.09 DEBUG recordType 93 16bae4e0-b8f2-46b2-ade2-d6d31e04edc5 Processing reference: DetailViewCfg.uiExpr
2020-06-14 14:10:00.09 DEBUG recordType 93 16bae4e0-b8f2-46b2-ade2-d6d31e04edc5 Processing reference: DetailViewCfg.visibilityExpr
2020-06-14 14:10:00.091 DEBUG recordType 93 16bae4e0-b8f2-46b2-ade2-d6d31e04edc5 Processing reference: RecordTypeDefinition.facetsListExpr
2020-06-14 14:10:00.092 DEBUG recordType 93 16bae4e0-b8f2-46b2-ade2-d6d31e04edc5 Processing reference: RecordTypeDefinition.listViewSrcExpr
2020-06-14 14:10:00.092 DEBUG recordType 93 16bae4e0-b8f2-46b2-ade2-d6d31e04edc5 Processing reference: RecordTypeDefinition.listViewTemplateExpr
2020-06-14 14:10:00.095 DEBUG recordType 93 16bae4e0-b8f2-46b2-ade2-d6d31e04edc5 Processing reference: RecordTypeDefinition.recordViewSrcExpr
2020-06-14 14:10:00.097 DEBUG recordType 93 16bae4e0-b8f2-46b2-ade2-d6d31e04edc5 Processing reference: RecordTypeDefinition.source
2020-06-14 14:10:00.102 DEBUG recordType 93 16bae4e0-b8f2-46b2-ade2-d6d31e04edc5 Processing reference: RecordTypeDefinition.titleExpr
2020-06-14 14:10:00.103 DEBUG recordType 93 16bae4e0-b8f2-46b2-ade2-d6d31e04edc5 Processing reference: Role[name=record_type_administrator,groupIds=[947]]
2020-06-14 14:10:00.104 DEBUG recordType 93 16bae4e0-b8f2-46b2-ade2-d6d31e04edc5 Processing reference: Role[name=record_type_viewer,groupIds=[948]]
2020-06-14 14:10:00.106 DEBUG recordType 93 16bae4e0-b8f2-46b2-ade2-d6d31e04edc5 Completing produce.
2020-06-14 14:10:00.106 DEBUG recordType 93 16bae4e0-b8f2-46b2-ade2-d6d31e04edc5 Exporting binary resources.
2020-06-14 14:10:00.106 DEBUG recordType 93 16bae4e0-b8f2-46b2-ade2-d6d31e04edc5 Serializing object to XML.
2020-06-14 14:10:00.113 DEBUG recordType 93 16bae4e0-b8f2-46b2-ade2-d6d31e04edc5 Object transported.
2020-06-14 14:10:00.115 DEBUG tempoReport 120 dc1bf264-9be4-4a89-9fe5-8832a2c1a365 Begin transport.
2020-06-14 14:10:00.115 DEBUG tempoReport 120 dc1bf264-9be4-4a89-9fe5-8832a2c1a365 Retrieving object data.
2020-06-14 14:10:00.128 DEBUG tempoReport 120 dc1bf264-9be4-4a89-9fe5-8832a2c1a365 Setting uuids of object references.
2020-06-14 14:10:00.128 DEBUG tempoReport 120 dc1bf264-9be4-4a89-9fe5-8832a2c1a365 Processing reference: Role[name=report_administrator,groupIds=[947]]
2020-06-14 14:10:00.13 DEBUG tempoReport 120 dc1bf264-9be4-4a89-9fe5-8832a2c1a365 Processing reference: Role[name=report_viewer,groupIds=[948]]
2020-06-14 14:10:00.131 DEBUG tempoReport 120 dc1bf264-9be4-4a89-9fe5-8832a2c1a365 Processing reference: UiContainer.uiExpr
2020-06-14 14:10:00.134 DEBUG tempoReport 120 dc1bf264-9be4-4a89-9fe5-8832a2c1a365 Completing produce.
2020-06-14 14:10:00.134 DEBUG tempoReport 120 dc1bf264-9be4-4a89-9fe5-8832a2c1a365 Exporting binary resources.
2020-06-14 14:10:00.134 DEBUG tempoReport 120 dc1bf264-9be4-4a89-9fe5-8832a2c1a365 Serializing object to XML.
2020-06-14 14:10:00.14 DEBUG tempoReport 120 dc1bf264-9be4-4a89-9fe5-8832a2c1a365 Object transported.
2020-06-14 14:10:00.142 DEBUG site 61 066f0832-ab4d-45d5-94d1-386e0f2ac92c Begin transport.
2020-06-14 14:10:00.142 DEBUG site 61 066f0832-ab4d-45d5-94d1-386e0f2ac92c Retrieving object data.
2020-06-14 14:10:00.153 DEBUG site 61 066f0832-ab4d-45d5-94d1-386e0f2ac92c Setting uuids of object references.
2020-06-14 14:10:00.153 DEBUG site 61 066f0832-ab4d-45d5-94d1-386e0f2ac92c Processing reference: Role[name=site_administrator,groupIds=[947]]
2020-06-14 14:10:00.154 DEBUG site 61 066f0832-ab4d-45d5-94d1-386e0f2ac92c Processing reference: Role[name=site_viewer,groupIds=[948]]
2020-06-14 14:10:00.155 DEBUG site 61 066f0832-ab4d-45d5-94d1-386e0f2ac92c Processing reference: SiteTemplate.accentColorExpr
2020-06-14 14:10:00.156 DEBUG site 61 066f0832-ab4d-45d5-94d1-386e0f2ac92c Processing reference: SiteTemplate.faviconExpr
2020-06-14 14:10:00.156 DEBUG site 61 066f0832-ab4d-45d5-94d1-386e0f2ac92c Processing reference: SiteTemplate.faviconRef
2020-06-14 14:10:00.156 DEBUG site 61 066f0832-ab4d-45d5-94d1-386e0f2ac92c Processing reference: SiteTemplate.headerBackgroundColorExpr
2020-06-14 14:10:00.156 DEBUG site 61 066f0832-ab4d-45d5-94d1-386e0f2ac92c Processing reference: SiteTemplate.logoExpr
2020-06-14 14:10:00.156 DEBUG site 61 066f0832-ab4d-45d5-94d1-386e0f2ac92c Processing reference: SiteTemplate.logoRef
2020-06-14 14:10:00.156 DEBUG site 61 066f0832-ab4d-45d5-94d1-386e0f2ac92c Processing reference: SitePage.uiObject
2020-06-14 14:10:00.158 DEBUG site 61 066f0832-ab4d-45d5-94d1-386e0f2ac92c Processing reference: SitePage.visibilityExpr
2020-06-14 14:10:00.158 DEBUG site 61 066f0832-ab4d-45d5-94d1-386e0f2ac92c Processing reference: SitePage.uiObject
2020-06-14 14:10:00.161 DEBUG site 61 066f0832-ab4d-45d5-94d1-386e0f2ac92c Processing reference: SitePage.visibilityExpr
2020-06-14 14:10:00.161 DEBUG site 61 066f0832-ab4d-45d5-94d1-386e0f2ac92c Processing reference: SiteTemplate.selectedTabBackgroundColorExpr
2020-06-14 14:10:00.161 DEBUG site 61 066f0832-ab4d-45d5-94d1-386e0f2ac92c Processing reference: SiteTemplate.tasksInSitesViewerRefsFromUuids
2020-06-14 14:10:00.161 DEBUG site 61 066f0832-ab4d-45d5-94d1-386e0f2ac92c Processing reference: SiteTemplate.tempoLinkViewerRefsFromUuids
2020-06-14 14:10:00.161 DEBUG site 61 066f0832-ab4d-45d5-94d1-386e0f2ac92c Completing produce.
2020-06-14 14:10:00.161 DEBUG site 61 066f0832-ab4d-45d5-94d1-386e0f2ac92c Exporting binary resources.
2020-06-14 14:10:00.161 DEBUG site 61 066f0832-ab4d-45d5-94d1-386e0f2ac92c Serializing object to XML.
2020-06-14 14:10:00.168 DEBUG site 61 066f0832-ab4d-45d5-94d1-386e0f2ac92c Object transported.
2020-06-14 14:10:00.168 DEBUG application 97696 _a-0000e3af-03c7-8000-9ba2-011c48011c48_1094896 Completing produce.
2020-06-14 14:10:00.168 DEBUG application 97696 _a-0000e3af-03c7-8000-9ba2-011c48011c48_1094896 Exporting binary resources.
2020-06-14 14:10:00.168 DEBUG application 97696 _a-0000e3af-03c7-8000-9ba2-011c48011c48_1094896 Serializing object to XML.
2020-06-14 14:10:00.174 DEBUG application 97696 _a-0000e3af-03c7-8000-9ba2-011c48011c48_1094896 Object transported.
